This file contains any messages produced by compilers while
running configure, to aid debugging if configure makes a mistake.

It was created by configure, which was
generated by GNU Autoconf 2.59.  Invocation command line was

  $ ./configure 

## --------- ##
## Platform. ##
## --------- ##

hostname = yuggoth
uname -m = i686
uname -r = 2.6.33-999-generic
uname -s = Linux
uname -v = #200912201003 SMP Sun Dec 20 10:55:46 UTC 2009

/usr/bin/uname -p = unknown
/bin/uname -X     = unknown

/bin/arch              = unknown
/usr/bin/arch -k       = unknown
/usr/convex/getsysinfo = unknown
hostinfo               = unknown
/bin/machine           = unknown
/usr/bin/oslevel       = unknown
/bin/universe          = unknown

PATH: /usr/local/sbin
PATH: /usr/local/bin
PATH: /usr/sbin
PATH: /usr/bin
PATH: /sbin
PATH: /bin
PATH: /usr/games


## ----------- ##
## Core tests. ##
## ----------- ##

configure:1346: checking build system type
configure:1364: result: i686-pc-linux-gnu
configure:1372: checking host system type
configure:1386: result: i686-pc-linux-gnu
configure:1394: checking target system type
configure:1408: result: i686-pc-linux-gnu
configure:1477: checking for g++
configure:1493: found /usr/bin/g++
configure:1503: result: g++
configure:1519: checking for C++ compiler version
configure:1522: g++ --version </dev/null >&5
g++ (Ubuntu 4.4.3-4ubuntu5) 4.4.3
Copyright (C) 2009 Free Software Foundation, Inc.
This is free software; see the source for copying conditions.  There is NO
warranty; not even for MERCHANTABILITY or FITNESS FOR A PARTICULAR PURPOSE.

configure:1525: $? = 0
configure:1527: g++ -v </dev/null >&5
Using built-in specs.
Target: i486-linux-gnu
Configured with: ../src/configure -v --with-pkgversion='Ubuntu 4.4.3-4ubuntu5' --with-bugurl=file:///usr/share/doc/gcc-4.4/README.Bugs --enable-languages=c,c++,fortran,objc,obj-c++ --prefix=/usr --enable-shared --enable-multiarch --enable-linker-build-id --with-system-zlib --libexecdir=/usr/lib --without-included-gettext --enable-threads=posix --with-gxx-include-dir=/usr/include/c++/4.4 --program-suffix=-4.4 --enable-nls --enable-clocale=gnu --enable-libstdcxx-debug --enable-plugin --enable-objc-gc --enable-targets=all --disable-werror --with-arch-32=i486 --with-tune=generic --enable-checking=release --build=i486-linux-gnu --host=i486-linux-gnu --target=i486-linux-gnu
Thread model: posix
gcc version 4.4.3 (Ubuntu 4.4.3-4ubuntu5) 
configure:1530: $? = 0
configure:1532: g++ -V </dev/null >&5
g++: '-V' option must have argument
configure:1535: $? = 1
configure:1558: checking for C++ compiler default output file name
configure:1561: g++    conftest.cc  >&5
configure:1564: $? = 0
configure:1610: result: a.out
configure:1615: checking whether the C++ compiler works
configure:1621: ./a.out
configure:1624: $? = 0
configure:1641: result: yes
configure:1648: checking whether we are cross compiling
configure:1650: result: no
configure:1653: checking for suffix of executables
configure:1655: g++ -o conftest    conftest.cc  >&5
configure:1658: $? = 0
configure:1683: result: 
configure:1689: checking for suffix of object files
configure:1710: g++ -c   conftest.cc >&5
configure:1713: $? = 0
configure:1735: result: o
configure:1739: checking whether we are using the GNU C++ compiler
configure:1763: g++ -c   conftest.cc >&5
configure:1769: $? = 0
configure:1773: test -z 
			 || test ! -s conftest.err
configure:1776: $? = 0
configure:1779: test -s conftest.o
configure:1782: $? = 0
configure:1795: result: yes
configure:1801: checking whether g++ accepts -g
configure:1822: g++ -c -g  conftest.cc >&5
configure:1828: $? = 0
configure:1832: test -z 
			 || test ! -s conftest.err
configure:1835: $? = 0
configure:1838: test -s conftest.o
configure:1841: $? = 0
configure:1852: result: yes
configure:1894: g++ -c -g -O2  conftest.cc >&5
configure:1900: $? = 0
configure:1904: test -z 
			 || test ! -s conftest.err
configure:1907: $? = 0
configure:1910: test -s conftest.o
configure:1913: $? = 0
configure:1939: g++ -c -g -O2  conftest.cc >&5
conftest.cc: In function 'int main()':
conftest.cc:13: error: 'exit' was not declared in this scope
configure:1945: $? = 1
configure: failed program was:
| /* confdefs.h.  */
| 
| #define PACKAGE_NAME ""
| #define PACKAGE_TARNAME ""
| #define PACKAGE_VERSION ""
| #define PACKAGE_STRING ""
| #define PACKAGE_BUGREPORT ""
| /* end confdefs.h.  */
| 
| int
| main ()
| {
| exit (42);
|   ;
|   return 0;
| }
configure:1894: g++ -c -g -O2  conftest.cc >&5
conftest.cc:9: error: 'void std::exit(int)' should have been declared inside 'std'
configure:1900: $? = 1
configure: failed program was:
| /* confdefs.h.  */
| 
| #define PACKAGE_NAME ""
| #define PACKAGE_TARNAME ""
| #define PACKAGE_VERSION ""
| #define PACKAGE_STRING ""
| #define PACKAGE_BUGREPORT ""
| /* end confdefs.h.  */
| extern "C" void std::exit (int) throw (); using std::exit;
| #include <stdlib.h>
| int
| main ()
| {
| exit (42);
|   ;
|   return 0;
| }
configure:1894: g++ -c -g -O2  conftest.cc >&5
conftest.cc:9: error: 'void std::exit(int)' should have been declared inside 'std'
In file included from conftest.cc:10:
/usr/include/stdlib.h:543: error: declaration of 'void std::exit(int) throw ()' throws different exceptions
conftest.cc:9: error: from previous declaration 'void std::exit(int)'
configure:1900: $? = 1
configure: failed program was:
| /* confdefs.h.  */
| 
| #define PACKAGE_NAME ""
| #define PACKAGE_TARNAME ""
| #define PACKAGE_VERSION ""
| #define PACKAGE_STRING ""
| #define PACKAGE_BUGREPORT ""
| /* end confdefs.h.  */
| extern "C" void std::exit (int); using std::exit;
| #include <stdlib.h>
| int
| main ()
| {
| exit (42);
|   ;
|   return 0;
| }
configure:1894: g++ -c -g -O2  conftest.cc >&5
configure:1900: $? = 0
configure:1904: test -z 
			 || test ! -s conftest.err
configure:1907: $? = 0
configure:1910: test -s conftest.o
configure:1913: $? = 0
configure:1939: g++ -c -g -O2  conftest.cc >&5
configure:1945: $? = 0
configure:1949: test -z 
			 || test ! -s conftest.err
configure:1952: $? = 0
configure:1955: test -s conftest.o
configure:1958: $? = 0
configure:2027: checking for gcc
configure:2043: found /usr/bin/gcc
configure:2053: result: gcc
configure:2297: checking for C compiler version
configure:2300: gcc --version </dev/null >&5
gcc (Ubuntu 4.4.3-4ubuntu5) 4.4.3
Copyright (C) 2009 Free Software Foundation, Inc.
This is free software; see the source for copying conditions.  There is NO
warranty; not even for MERCHANTABILITY or FITNESS FOR A PARTICULAR PURPOSE.

configure:2303: $? = 0
configure:2305: gcc -v </dev/null >&5
Using built-in specs.
Target: i486-linux-gnu
Configured with: ../src/configure -v --with-pkgversion='Ubuntu 4.4.3-4ubuntu5' --with-bugurl=file:///usr/share/doc/gcc-4.4/README.Bugs --enable-languages=c,c++,fortran,objc,obj-c++ --prefix=/usr --enable-shared --enable-multiarch --enable-linker-build-id --with-system-zlib --libexecdir=/usr/lib --without-included-gettext --enable-threads=posix --with-gxx-include-dir=/usr/include/c++/4.4 --program-suffix=-4.4 --enable-nls --enable-clocale=gnu --enable-libstdcxx-debug --enable-plugin --enable-objc-gc --enable-targets=all --disable-werror --with-arch-32=i486 --with-tune=generic --enable-checking=release --build=i486-linux-gnu --host=i486-linux-gnu --target=i486-linux-gnu
Thread model: posix
gcc version 4.4.3 (Ubuntu 4.4.3-4ubuntu5) 
configure:2308: $? = 0
configure:2310: gcc -V </dev/null >&5
gcc: '-V' option must have argument
configure:2313: $? = 1
configure:2316: checking whether we are using the GNU C compiler
configure:2340: gcc -c   conftest.c >&5
configure:2346: $? = 0
configure:2350: test -z 
			 || test ! -s conftest.err
configure:2353: $? = 0
configure:2356: test -s conftest.o
configure:2359: $? = 0
configure:2372: result: yes
configure:2378: checking whether gcc accepts -g
configure:2399: gcc -c -g  conftest.c >&5
configure:2405: $? = 0
configure:2409: test -z 
			 || test ! -s conftest.err
configure:2412: $? = 0
configure:2415: test -s conftest.o
configure:2418: $? = 0
configure:2429: result: yes
configure:2446: checking for gcc option to accept ANSI C
configure:2516: gcc  -c -g -O2  conftest.c >&5
configure:2522: $? = 0
configure:2526: test -z 
			 || test ! -s conftest.err
configure:2529: $? = 0
configure:2532: test -s conftest.o
configure:2535: $? = 0
configure:2553: result: none needed
configure:2571: gcc -c -g -O2  conftest.c >&5
conftest.c:2: error: expected '=', ',', ';', 'asm' or '__attribute__' before 'me'
configure:2577: $? = 1
configure: failed program was:
| #ifndef __cplusplus
|   choke me
| #endif
configure:2715: checking how to run the C preprocessor
configure:2750: gcc -E  conftest.c
configure:2756: $? = 0
configure:2788: gcc -E  conftest.c
conftest.c:12:28: error: ac_nonexistent.h: No such file or directory
configure:2794: $? = 1
configure: failed program was:
| /* confdefs.h.  */
| 
| #define PACKAGE_NAME ""
| #define PACKAGE_TARNAME ""
| #define PACKAGE_VERSION ""
| #define PACKAGE_STRING ""
| #define PACKAGE_BUGREPORT ""
| #ifdef __cplusplus
| extern "C" void exit (int) throw ();
| #endif
| /* end confdefs.h.  */
| #include <ac_nonexistent.h>
configure:2833: result: gcc -E
configure:2857: gcc -E  conftest.c
configure:2863: $? = 0
configure:2895: gcc -E  conftest.c
conftest.c:12:28: error: ac_nonexistent.h: No such file or directory
configure:2901: $? = 1
configure: failed program was:
| /* confdefs.h.  */
| 
| #define PACKAGE_NAME ""
| #define PACKAGE_TARNAME ""
| #define PACKAGE_VERSION ""
| #define PACKAGE_STRING ""
| #define PACKAGE_BUGREPORT ""
| #ifdef __cplusplus
| extern "C" void exit (int) throw ();
| #endif
| /* end confdefs.h.  */
| #include <ac_nonexistent.h>
configure:2955: checking for makedepend
configure:2988: result: no
configure:2993: 
configure:2995: You need the X11 makedepend utility to use automatic dependency generation (make depend)
configure:2997: 
configure:3004: checking for bison++
configure:3037: result: no
configure:3044: checking for flex++
configure:3077: result: no
configure:3084: checking for m4
configure:3102: found /usr/bin/m4
configure:3114: result: /usr/bin/m4
configure:3137: checking for gcc
configure:3155: found /usr/bin/gcc
configure:3167: result: /usr/bin/gcc
configure:3228: checking if using GNU ld 
Configured with: ../src/configure -v --with-pkgversion='Ubuntu 4.4.3-4ubuntu5' --with-bugurl=file:///usr/share/doc/gcc-4.4/README.Bugs --enable-languages=c,c++,fortran,objc,obj-c++ --prefix=/usr --enable-shared --enable-multiarch --enable-linker-build-id --with-system-zlib --libexecdir=/usr/lib --without-included-gettext --enable-threads=posix --with-gxx-include-dir=/usr/include/c++/4.4 --program-suffix=-4.4 --enable-nls --enable-clocale=gnu --enable-libstdcxx-debug --enable-plugin --enable-objc-gc --enable-targets=all --disable-werror --with-arch-32=i486 --with-tune=generic --enable-checking=release --build=i486-linux-gnu --host=i486-linux-gnu --target=i486-linux-gnu
gcc version 4.4.3 (Ubuntu 4.4.3-4ubuntu5) 
GNU ld (GNU Binutils for Ubuntu) 2.20.1-system.20100303
configure:3245: result: yes 
configure:3248: checking if host is Windows 
configure:3258: result: no 
configure:3261: checking if host is Cygwin 
configure:3271: result: no 
configure:3274: checking if host is OS X 
configure:3294: result: no 
configure:3297: checking if host is OS X 10.2 
configure:3317: result: no 
configure:3326: checking for main in -lstdc++
configure:3350: gcc -o conftest -g -O2 -Wall   conftest.c -lstdc++   >&5
configure:3356: $? = 0
configure:3360: test -z 
			 || test ! -s conftest.err
configure:3363: $? = 0
configure:3366: test -s conftest
configure:3369: $? = 0
configure:3382: result: yes
configure:3399: checking for egrep
configure:3409: result: grep -E
configure:3414: checking for ANSI C header files
configure:3439: gcc -c -g -O2 -Wall  conftest.c >&5
configure:3445: $? = 0
configure:3449: test -z 
			 || test ! -s conftest.err
configure:3452: $? = 0
configure:3455: test -s conftest.o
configure:3458: $? = 0
configure:3547: gcc -o conftest -g -O2 -Wall   conftest.c -lstdc++  >&5
conftest.c: In function 'main':
conftest.c:33: warning: implicit declaration of function 'exit'
conftest.c:33: warning: incompatible implicit declaration of built-in function 'exit'
configure:3550: $? = 0
configure:3552: ./conftest
configure:3555: $? = 0
configure:3570: result: yes
configure:3594: checking for sys/types.h
configure:3610: gcc -c -g -O2 -Wall  conftest.c >&5
configure:3616: $? = 0
configure:3620: test -z 
			 || test ! -s conftest.err
configure:3623: $? = 0
configure:3626: test -s conftest.o
configure:3629: $? = 0
configure:3640: result: yes
configure:3594: checking for sys/stat.h
configure:3610: gcc -c -g -O2 -Wall  conftest.c >&5
configure:3616: $? = 0
configure:3620: test -z 
			 || test ! -s conftest.err
configure:3623: $? = 0
configure:3626: test -s conftest.o
configure:3629: $? = 0
configure:3640: result: yes
configure:3594: checking for stdlib.h
configure:3610: gcc -c -g -O2 -Wall  conftest.c >&5
configure:3616: $? = 0
configure:3620: test -z 
			 || test ! -s conftest.err
configure:3623: $? = 0
configure:3626: test -s conftest.o
configure:3629: $? = 0
configure:3640: result: yes
configure:3594: checking for string.h
configure:3610: gcc -c -g -O2 -Wall  conftest.c >&5
configure:3616: $? = 0
configure:3620: test -z 
			 || test ! -s conftest.err
configure:3623: $? = 0
configure:3626: test -s conftest.o
configure:3629: $? = 0
configure:3640: result: yes
configure:3594: checking for memory.h
configure:3610: gcc -c -g -O2 -Wall  conftest.c >&5
configure:3616: $? = 0
configure:3620: test -z 
			 || test ! -s conftest.err
configure:3623: $? = 0
configure:3626: test -s conftest.o
configure:3629: $? = 0
configure:3640: result: yes
configure:3594: checking for strings.h
configure:3610: gcc -c -g -O2 -Wall  conftest.c >&5
configure:3616: $? = 0
configure:3620: test -z 
			 || test ! -s conftest.err
configure:3623: $? = 0
configure:3626: test -s conftest.o
configure:3629: $? = 0
configure:3640: result: yes
configure:3594: checking for inttypes.h
configure:3610: gcc -c -g -O2 -Wall  conftest.c >&5
configure:3616: $? = 0
configure:3620: test -z 
			 || test ! -s conftest.err
configure:3623: $? = 0
configure:3626: test -s conftest.o
configure:3629: $? = 0
configure:3640: result: yes
configure:3594: checking for stdint.h
configure:3610: gcc -c -g -O2 -Wall  conftest.c >&5
configure:3616: $? = 0
configure:3620: test -z 
			 || test ! -s conftest.err
configure:3623: $? = 0
configure:3626: test -s conftest.o
configure:3629: $? = 0
configure:3640: result: yes
configure:3594: checking for unistd.h
configure:3610: gcc -c -g -O2 -Wall  conftest.c >&5
configure:3616: $? = 0
configure:3620: test -z 
			 || test ! -s conftest.err
configure:3623: $? = 0
configure:3626: test -s conftest.o
configure:3629: $? = 0
configure:3640: result: yes
configure:3662: checking expat.h usability
configure:3674: gcc -c -g -O2 -Wall  conftest.c >&5
configure:3680: $? = 0
configure:3684: test -z 
			 || test ! -s conftest.err
configure:3687: $? = 0
configure:3690: test -s conftest.o
configure:3693: $? = 0
configure:3703: result: yes
configure:3707: checking expat.h presence
configure:3717: gcc -E  conftest.c
configure:3723: $? = 0
configure:3743: result: yes
configure:3778: checking for expat.h
configure:3785: result: yes
configure:3921: checking for XML_ExpatVersion in -lexpat
configure:3951: gcc -o conftest -g -O2 -Wall   conftest.c -lexpat  -lstdc++  >&5
configure:3957: $? = 0
configure:3961: test -z 
			 || test ! -s conftest.err
configure:3964: $? = 0
configure:3967: test -s conftest
configure:3970: $? = 0
configure:3983: result: yes
configure:4085: checking gc.h usability
configure:4097: gcc -c -g -O2 -Wall  conftest.c >&5
conftest.c:61:16: error: gc.h: No such file or directory
configure:4103: $? = 1
configure: failed program was:
| /* confdefs.h.  */
| 
| #define PACKAGE_NAME ""
| #define PACKAGE_TARNAME ""
| #define PACKAGE_VERSION ""
| #define PACKAGE_STRING ""
| #define PACKAGE_BUGREPORT ""
| #ifdef __cplusplus
| extern "C" void exit (int) throw ();
| #endif
| #define HOST_GNU_LD 1
| #define HOST_OSX 0
| #define HOST_OSX_10_2 0
| #define HAVE_LIBSTDC__ 1
| #define STDC_HEADERS 1
| #define HAVE_SYS_TYPES_H 1
| #define HAVE_SYS_STAT_H 1
| #define HAVE_STDLIB_H 1
| #define HAVE_STRING_H 1
| #define HAVE_MEMORY_H 1
| #define HAVE_STRINGS_H 1
| #define HAVE_INTTYPES_H 1
| #define HAVE_STDINT_H 1
| #define HAVE_UNISTD_H 1
| #define HAVE_LIBEXPAT 1
| /* end confdefs.h.  */
| #include <stdio.h>
| #if HAVE_SYS_TYPES_H
| # include <sys/types.h>
| #endif
| #if HAVE_SYS_STAT_H
| # include <sys/stat.h>
| #endif
| #if STDC_HEADERS
| # include <stdlib.h>
| # include <stddef.h>
| #else
| # if HAVE_STDLIB_H
| #  include <stdlib.h>
| # endif
| #endif
| #if HAVE_STRING_H
| # if !STDC_HEADERS && HAVE_MEMORY_H
| #  include <memory.h>
| # endif
| # include <string.h>
| #endif
| #if HAVE_STRINGS_H
| # include <strings.h>
| #endif
| #if HAVE_INTTYPES_H
| # include <inttypes.h>
| #else
| # if HAVE_STDINT_H
| #  include <stdint.h>
| # endif
| #endif
| #if HAVE_UNISTD_H
| # include <unistd.h>
| #endif
| #include <gc.h>
configure:4126: result: no
configure:4130: checking gc.h presence
configure:4140: gcc -E  conftest.c
conftest.c:27:16: error: gc.h: No such file or directory
configure:4146: $? = 1
configure: failed program was:
| /* confdefs.h.  */
| 
| #define PACKAGE_NAME ""
| #define PACKAGE_TARNAME ""
| #define PACKAGE_VERSION ""
| #define PACKAGE_STRING ""
| #define PACKAGE_BUGREPORT ""
| #ifdef __cplusplus
| extern "C" void exit (int) throw ();
| #endif
| #define HOST_GNU_LD 1
| #define HOST_OSX 0
| #define HOST_OSX_10_2 0
| #define HAVE_LIBSTDC__ 1
| #define STDC_HEADERS 1
| #define HAVE_SYS_TYPES_H 1
| #define HAVE_SYS_STAT_H 1
| #define HAVE_STDLIB_H 1
| #define HAVE_STRING_H 1
| #define HAVE_MEMORY_H 1
| #define HAVE_STRINGS_H 1
| #define HAVE_INTTYPES_H 1
| #define HAVE_STDINT_H 1
| #define HAVE_UNISTD_H 1
| #define HAVE_LIBEXPAT 1
| /* end confdefs.h.  */
| #include <gc.h>
configure:4166: result: no
configure:4201: checking for gc.h
configure:4208: result: no
configure:4215: checking for include/gc.h
configure:4230: result: no
configure:4237: checking for gc.h
configure:4256: found /usr/include/gc/gc.h
configure:4269: result: /usr/include/gc/gc.h
configure:4277: WARNING: Found gc.h; linking to include/
configure:4282: checking for gc_config_macros.h
configure:4301: found /usr/include/gc/gc_config_macros.h
configure:4314: result: /usr/include/gc/gc_config_macros.h
configure:4322: WARNING: Also found gc_config_macros.h; linking to include/
configure:4344: checking for GC_malloc in -lgc
configure:4374: gcc -o conftest -g -O2 -Wall   conftest.c -lgc  -lexpat -lstdc++  >&5
configure:4380: $? = 0
configure:4384: test -z 
			 || test ! -s conftest.err
configure:4387: $? = 0
configure:4390: test -s conftest
configure:4393: $? = 0
configure:4406: result: yes
configure:4508: checking dlfcn.h usability
configure:4520: gcc -c -g -O2 -Wall  conftest.c >&5
configure:4526: $? = 0
configure:4530: test -z 
			 || test ! -s conftest.err
configure:4533: $? = 0
configure:4536: test -s conftest.o
configure:4539: $? = 0
configure:4549: result: yes
configure:4553: checking dlfcn.h presence
configure:4563: gcc -E  conftest.c
configure:4569: $? = 0
configure:4589: result: yes
configure:4624: checking for dlfcn.h
configure:4631: result: yes
configure:4721: checking for dlopen in -ldl
configure:4751: gcc -o conftest -g -O2 -Wall   conftest.c -ldl  -lgc -lexpat -lstdc++  >&5
configure:4757: $? = 0
configure:4761: test -z 
			 || test ! -s conftest.err
configure:4764: $? = 0
configure:4767: test -s conftest
configure:4770: $? = 0
configure:4783: result: yes
configure:4888: checking how to run the C++ preprocessor
configure:4919: g++ -E -I$(top_srcdir)/include  conftest.cc
configure:4925: $? = 0
configure:4957: g++ -E -I$(top_srcdir)/include  conftest.cc
conftest.cc:29:28: error: ac_nonexistent.h: No such file or directory
configure:4963: $? = 1
configure: failed program was:
| /* confdefs.h.  */
| 
| #define PACKAGE_NAME ""
| #define PACKAGE_TARNAME ""
| #define PACKAGE_VERSION ""
| #define PACKAGE_STRING ""
| #define PACKAGE_BUGREPORT ""
| #ifdef __cplusplus
| extern "C" void exit (int) throw ();
| #endif
| #define HOST_GNU_LD 1
| #define HOST_OSX 0
| #define HOST_OSX_10_2 0
| #define HAVE_LIBSTDC__ 1
| #define STDC_HEADERS 1
| #define HAVE_SYS_TYPES_H 1
| #define HAVE_SYS_STAT_H 1
| #define HAVE_STDLIB_H 1
| #define HAVE_STRING_H 1
| #define HAVE_MEMORY_H 1
| #define HAVE_STRINGS_H 1
| #define HAVE_INTTYPES_H 1
| #define HAVE_STDINT_H 1
| #define HAVE_UNISTD_H 1
| #define HAVE_LIBEXPAT 1
| #define HAVE_LIBGC 1
| #define HAVE_LIBDL 1
| /* end confdefs.h.  */
| #include <ac_nonexistent.h>
configure:5002: result: g++ -E
configure:5026: g++ -E -I$(top_srcdir)/include  conftest.cc
configure:5032: $? = 0
configure:5064: g++ -E -I$(top_srcdir)/include  conftest.cc
conftest.cc:29:28: error: ac_nonexistent.h: No such file or directory
configure:5070: $? = 1
configure: failed program was:
| /* confdefs.h.  */
| 
| #define PACKAGE_NAME ""
| #define PACKAGE_TARNAME ""
| #define PACKAGE_VERSION ""
| #define PACKAGE_STRING ""
| #define PACKAGE_BUGREPORT ""
| #ifdef __cplusplus
| extern "C" void exit (int) throw ();
| #endif
| #define HOST_GNU_LD 1
| #define HOST_OSX 0
| #define HOST_OSX_10_2 0
| #define HAVE_LIBSTDC__ 1
| #define STDC_HEADERS 1
| #define HAVE_SYS_TYPES_H 1
| #define HAVE_SYS_STAT_H 1
| #define HAVE_STDLIB_H 1
| #define HAVE_STRING_H 1
| #define HAVE_MEMORY_H 1
| #define HAVE_STRINGS_H 1
| #define HAVE_INTTYPES_H 1
| #define HAVE_STDINT_H 1
| #define HAVE_UNISTD_H 1
| #define HAVE_LIBEXPAT 1
| #define HAVE_LIBGC 1
| #define HAVE_LIBDL 1
| /* end confdefs.h.  */
| #include <ac_nonexistent.h>
configure:5124: checking cppunit/TestSuite.h usability
configure:5136: g++ -c -g -O2 -Wall -I$(top_srcdir)/include  conftest.cc >&5
conftest.cc:63:31: error: cppunit/TestSuite.h: No such file or directory
configure:5142: $? = 1
configure: failed program was:
| /* confdefs.h.  */
| 
| #define PACKAGE_NAME ""
| #define PACKAGE_TARNAME ""
| #define PACKAGE_VERSION ""
| #define PACKAGE_STRING ""
| #define PACKAGE_BUGREPORT ""
| #ifdef __cplusplus
| extern "C" void exit (int) throw ();
| #endif
| #define HOST_GNU_LD 1
| #define HOST_OSX 0
| #define HOST_OSX_10_2 0
| #define HAVE_LIBSTDC__ 1
| #define STDC_HEADERS 1
| #define HAVE_SYS_TYPES_H 1
| #define HAVE_SYS_STAT_H 1
| #define HAVE_STDLIB_H 1
| #define HAVE_STRING_H 1
| #define HAVE_MEMORY_H 1
| #define HAVE_STRINGS_H 1
| #define HAVE_INTTYPES_H 1
| #define HAVE_STDINT_H 1
| #define HAVE_UNISTD_H 1
| #define HAVE_LIBEXPAT 1
| #define HAVE_LIBGC 1
| #define HAVE_LIBDL 1
| /* end confdefs.h.  */
| #include <stdio.h>
| #if HAVE_SYS_TYPES_H
| # include <sys/types.h>
| #endif
| #if HAVE_SYS_STAT_H
| # include <sys/stat.h>
| #endif
| #if STDC_HEADERS
| # include <stdlib.h>
| # include <stddef.h>
| #else
| # if HAVE_STDLIB_H
| #  include <stdlib.h>
| # endif
| #endif
| #if HAVE_STRING_H
| # if !STDC_HEADERS && HAVE_MEMORY_H
| #  include <memory.h>
| # endif
| # include <string.h>
| #endif
| #if HAVE_STRINGS_H
| # include <strings.h>
| #endif
| #if HAVE_INTTYPES_H
| # include <inttypes.h>
| #else
| # if HAVE_STDINT_H
| #  include <stdint.h>
| # endif
| #endif
| #if HAVE_UNISTD_H
| # include <unistd.h>
| #endif
| #include <cppunit/TestSuite.h>
configure:5165: result: no
configure:5169: checking cppunit/TestSuite.h presence
configure:5179: g++ -E -I$(top_srcdir)/include  conftest.cc
conftest.cc:29:31: error: cppunit/TestSuite.h: No such file or directory
configure:5185: $? = 1
configure: failed program was:
| /* confdefs.h.  */
| 
| #define PACKAGE_NAME ""
| #define PACKAGE_TARNAME ""
| #define PACKAGE_VERSION ""
| #define PACKAGE_STRING ""
| #define PACKAGE_BUGREPORT ""
| #ifdef __cplusplus
| extern "C" void exit (int) throw ();
| #endif
| #define HOST_GNU_LD 1
| #define HOST_OSX 0
| #define HOST_OSX_10_2 0
| #define HAVE_LIBSTDC__ 1
| #define STDC_HEADERS 1
| #define HAVE_SYS_TYPES_H 1
| #define HAVE_SYS_STAT_H 1
| #define HAVE_STDLIB_H 1
| #define HAVE_STRING_H 1
| #define HAVE_MEMORY_H 1
| #define HAVE_STRINGS_H 1
| #define HAVE_INTTYPES_H 1
| #define HAVE_STDINT_H 1
| #define HAVE_UNISTD_H 1
| #define HAVE_LIBEXPAT 1
| #define HAVE_LIBGC 1
| #define HAVE_LIBDL 1
| /* end confdefs.h.  */
| #include <cppunit/TestSuite.h>
configure:5205: result: no
configure:5240: checking for cppunit/TestSuite.h
configure:5247: result: no
configure:5254: checking for include/cppunit/TestSuite.h
configure:5269: result: no
configure:5276: checking for cppunit/TestSuite.h
configure:5308: result: :
configure:5321: 
configure:5323: Header directories for cppunit not found; needed only for unit testing.
configure:5325: 
configure:5336: checking for _ZN7CppUnit8TestCase3runEv in -lcppunit
configure:5366: g++ -o conftest -g -O2 -Wall -I$(top_srcdir)/include   conftest.cc -lcppunit  -ldl -lgc -lexpat -lstdc++  >&5
/usr/bin/ld: cannot find -lcppunit
collect2: ld returned 1 exit status
configure:5372: $? = 1
configure: failed program was:
| /* confdefs.h.  */
| 
| #define PACKAGE_NAME ""
| #define PACKAGE_TARNAME ""
| #define PACKAGE_VERSION ""
| #define PACKAGE_STRING ""
| #define PACKAGE_BUGREPORT ""
| #ifdef __cplusplus
| extern "C" void exit (int) throw ();
| #endif
| #define HOST_GNU_LD 1
| #define HOST_OSX 0
| #define HOST_OSX_10_2 0
| #define HAVE_LIBSTDC__ 1
| #define STDC_HEADERS 1
| #define HAVE_SYS_TYPES_H 1
| #define HAVE_SYS_STAT_H 1
| #define HAVE_STDLIB_H 1
| #define HAVE_STRING_H 1
| #define HAVE_MEMORY_H 1
| #define HAVE_STRINGS_H 1
| #define HAVE_INTTYPES_H 1
| #define HAVE_STDINT_H 1
| #define HAVE_UNISTD_H 1
| #define HAVE_LIBEXPAT 1
| #define HAVE_LIBGC 1
| #define HAVE_LIBDL 1
| /* end confdefs.h.  */
| 
| /* Override any gcc2 internal prototype to avoid an error.  */
| #ifdef __cplusplus
| extern "C"
| #endif
| /* We use char because int might match the return type of a gcc2
|    builtin and then its argument prototype would still apply.  */
| char _ZN7CppUnit8TestCase3runEv ();
| int
| main ()
| {
| _ZN7CppUnit8TestCase3runEv ();
|   ;
|   return 0;
| }
configure:5398: result: no
configure:5408: checking for lib/libcppunit.a
configure:5423: result: no
configure:5430: checking for libcppunit.a
configure:5462: result: :
configure:5475: 
configure:5477: cppunit (C++ Unit Testing) library not found; needed only for testing
configure:5479: 
configure:5499: checking whether byte ordering is bigendian
configure:5526: gcc -c -g -O2 -Wall -I$(top_srcdir)/include  conftest.c >&5
configure:5532: $? = 0
configure:5536: test -z 
			 || test ! -s conftest.err
configure:5539: $? = 0
configure:5542: test -s conftest.o
configure:5545: $? = 0
configure:5569: gcc -c -g -O2 -Wall -I$(top_srcdir)/include  conftest.c >&5
conftest.c: In function 'main':
conftest.c:36: error: 'not' undeclared (first use in this function)
conftest.c:36: error: (Each undeclared identifier is reported only once
conftest.c:36: error: for each function it appears in.)
conftest.c:36: error: expected ';' before 'big'
configure:5575: $? = 1
configure: failed program was:
| /* confdefs.h.  */
| 
| #define PACKAGE_NAME ""
| #define PACKAGE_TARNAME ""
| #define PACKAGE_VERSION ""
| #define PACKAGE_STRING ""
| #define PACKAGE_BUGREPORT ""
| #ifdef __cplusplus
| extern "C" void exit (int) throw ();
| #endif
| #define HOST_GNU_LD 1
| #define HOST_OSX 0
| #define HOST_OSX_10_2 0
| #define HAVE_LIBSTDC__ 1
| #define STDC_HEADERS 1
| #define HAVE_SYS_TYPES_H 1
| #define HAVE_SYS_STAT_H 1
| #define HAVE_STDLIB_H 1
| #define HAVE_STRING_H 1
| #define HAVE_MEMORY_H 1
| #define HAVE_STRINGS_H 1
| #define HAVE_INTTYPES_H 1
| #define HAVE_STDINT_H 1
| #define HAVE_UNISTD_H 1
| #define HAVE_LIBEXPAT 1
| #define HAVE_LIBGC 1
| #define HAVE_LIBDL 1
| /* end confdefs.h.  */
| #include <sys/types.h>
| #include <sys/param.h>
| 
| int
| main ()
| {
| #if BYTE_ORDER != BIG_ENDIAN
|  not big endian
| #endif
| 
|   ;
|   return 0;
| }
configure:5710: result: no
configure:5730: checking for char
configure:5754: gcc -c -g -O2 -Wall -I$(top_srcdir)/include  conftest.c >&5
configure:5760: $? = 0
configure:5764: test -z 
			 || test ! -s conftest.err
configure:5767: $? = 0
configure:5770: test -s conftest.o
configure:5773: $? = 0
configure:5784: result: yes
configure:5787: checking size of char
configure:6106: gcc -o conftest -g -O2 -Wall -I$(top_srcdir)/include   conftest.c -ldl -lgc -lexpat -lstdc++  >&5
configure:6109: $? = 0
configure:6111: ./conftest
configure:6114: $? = 0
configure:6137: result: 1
configure:6144: checking for short
configure:6168: gcc -c -g -O2 -Wall -I$(top_srcdir)/include  conftest.c >&5
configure:6174: $? = 0
configure:6178: test -z 
			 || test ! -s conftest.err
configure:6181: $? = 0
configure:6184: test -s conftest.o
configure:6187: $? = 0
configure:6198: result: yes
configure:6201: checking size of short
configure:6520: gcc -o conftest -g -O2 -Wall -I$(top_srcdir)/include   conftest.c -ldl -lgc -lexpat -lstdc++  >&5
configure:6523: $? = 0
configure:6525: ./conftest
configure:6528: $? = 0
configure:6551: result: 2
configure:6558: checking for int
configure:6582: gcc -c -g -O2 -Wall -I$(top_srcdir)/include  conftest.c >&5
configure:6588: $? = 0
configure:6592: test -z 
			 || test ! -s conftest.err
configure:6595: $? = 0
configure:6598: test -s conftest.o
configure:6601: $? = 0
configure:6612: result: yes
configure:6615: checking size of int
configure:6934: gcc -o conftest -g -O2 -Wall -I$(top_srcdir)/include   conftest.c -ldl -lgc -lexpat -lstdc++  >&5
configure:6937: $? = 0
configure:6939: ./conftest
configure:6942: $? = 0
configure:6965: result: 4
configure:6972: checking for long
configure:6996: gcc -c -g -O2 -Wall -I$(top_srcdir)/include  conftest.c >&5
configure:7002: $? = 0
configure:7006: test -z 
			 || test ! -s conftest.err
configure:7009: $? = 0
configure:7012: test -s conftest.o
configure:7015: $? = 0
configure:7026: result: yes
configure:7029: checking size of long
configure:7348: gcc -o conftest -g -O2 -Wall -I$(top_srcdir)/include   conftest.c -ldl -lgc -lexpat -lstdc++  >&5
configure:7351: $? = 0
configure:7353: ./conftest
configure:7356: $? = 0
configure:7379: result: 4
configure:7386: checking for long long
configure:7410: gcc -c -g -O2 -Wall -I$(top_srcdir)/include  conftest.c >&5
configure:7416: $? = 0
configure:7420: test -z 
			 || test ! -s conftest.err
configure:7423: $? = 0
configure:7426: test -s conftest.o
configure:7429: $? = 0
configure:7440: result: yes
configure:7443: checking size of long long
configure:7762: gcc -o conftest -g -O2 -Wall -I$(top_srcdir)/include   conftest.c -ldl -lgc -lexpat -lstdc++  >&5
configure:7765: $? = 0
configure:7767: ./conftest
configure:7770: $? = 0
configure:7793: result: 8
configure:7800: checking for float
configure:7824: gcc -c -g -O2 -Wall -I$(top_srcdir)/include  conftest.c >&5
configure:7830: $? = 0
configure:7834: test -z 
			 || test ! -s conftest.err
configure:7837: $? = 0
configure:7840: test -s conftest.o
configure:7843: $? = 0
configure:7854: result: yes
configure:7857: checking size of float
configure:8176: gcc -o conftest -g -O2 -Wall -I$(top_srcdir)/include   conftest.c -ldl -lgc -lexpat -lstdc++  >&5
configure:8179: $? = 0
configure:8181: ./conftest
configure:8184: $? = 0
configure:8207: result: 4
configure:8214: checking for double
configure:8238: gcc -c -g -O2 -Wall -I$(top_srcdir)/include  conftest.c >&5
configure:8244: $? = 0
configure:8248: test -z 
			 || test ! -s conftest.err
configure:8251: $? = 0
configure:8254: test -s conftest.o
configure:8257: $? = 0
configure:8268: result: yes
configure:8271: checking size of double
configure:8590: gcc -o conftest -g -O2 -Wall -I$(top_srcdir)/include   conftest.c -ldl -lgc -lexpat -lstdc++  >&5
configure:8593: $? = 0
configure:8595: ./conftest
configure:8598: $? = 0
configure:8621: result: 8
configure:8628: checking for int *
configure:8652: gcc -c -g -O2 -Wall -I$(top_srcdir)/include  conftest.c >&5
configure:8658: $? = 0
configure:8662: test -z 
			 || test ! -s conftest.err
configure:8665: $? = 0
configure:8668: test -s conftest.o
configure:8671: $? = 0
configure:8682: result: yes
configure:8685: checking size of int *
configure:9004: gcc -o conftest -g -O2 -Wall -I$(top_srcdir)/include   conftest.c -ldl -lgc -lexpat -lstdc++  >&5
configure:9007: $? = 0
configure:9009: ./conftest
configure:9012: $? = 0
configure:9035: result: 4
configure:9045: checking whether gcc needs -traditional
configure:9087: result: no
configure:9107: checking for .run-sml
configure:9140: result: no
configure:9149: checking for sml-toolkit.x86-linux
configure:9182: result: no
configure:9149: checking for sml-toolkit.sparc-solaris
configure:9182: result: no
configure:9194: checking for ungenerate
configure:9228: result: no
configure:9356: creating ./config.status

## ---------------------- ##
## Running config.status. ##
## ---------------------- ##

This file was extended by config.status, which was
generated by GNU Autoconf 2.59.  Invocation command line was

  CONFIG_FILES    = 
  CONFIG_HEADERS  = 
  CONFIG_LINKS    = 
  CONFIG_COMMANDS = 
  $ ./config.status 

on yuggoth

config.status:694: creating Makefile
config.status:694: creating util/Makefile
config.status:694: creating loader/Makefile
config.status:694: creating db/Makefile
config.status:694: creating frontend/Makefile
config.status:694: creating transform/Makefile
config.status:694: creating frontend/mltk.sh
config.status:801: creating include/config.h

## ---------------- ##
## Cache variables. ##
## ---------------- ##

ac_cv_build=i686-pc-linux-gnu
ac_cv_build_alias=i686-pc-linux-gnu
ac_cv_c_bigendian=no
ac_cv_c_compiler_gnu=yes
ac_cv_cxx_compiler_gnu=yes
ac_cv_env_CC_set=
ac_cv_env_CC_value=
ac_cv_env_CFLAGS_set=
ac_cv_env_CFLAGS_value=
ac_cv_env_CPPFLAGS_set=
ac_cv_env_CPPFLAGS_value=
ac_cv_env_CPP_set=
ac_cv_env_CPP_value=
ac_cv_env_CXXCPP_set=
ac_cv_env_CXXCPP_value=
ac_cv_env_CXXFLAGS_set=
ac_cv_env_CXXFLAGS_value=
ac_cv_env_CXX_set=
ac_cv_env_CXX_value=
ac_cv_env_LDFLAGS_set=
ac_cv_env_LDFLAGS_value=
ac_cv_env_build_alias_set=
ac_cv_env_build_alias_value=
ac_cv_env_host_alias_set=
ac_cv_env_host_alias_value=
ac_cv_env_target_alias_set=
ac_cv_env_target_alias_value=
ac_cv_exeext=
ac_cv_file_include_cppunit_TestSuite_h=no
ac_cv_file_include_gc_h=no
ac_cv_file_lib_libcppunit_a=no
ac_cv_header_cppunit_TestSuite_h=no
ac_cv_header_dlfcn_h=yes
ac_cv_header_expat_h=yes
ac_cv_header_gc_h=no
ac_cv_header_inttypes_h=yes
ac_cv_header_memory_h=yes
ac_cv_header_stdc=yes
ac_cv_header_stdint_h=yes
ac_cv_header_stdlib_h=yes
ac_cv_header_string_h=yes
ac_cv_header_strings_h=yes
ac_cv_header_sys_stat_h=yes
ac_cv_header_sys_types_h=yes
ac_cv_header_unistd_h=yes
ac_cv_host=i686-pc-linux-gnu
ac_cv_host_alias=i686-pc-linux-gnu
ac_cv_lib_cppunit__ZN7CppUnit8TestCase3runEv=no
ac_cv_lib_dl_dlopen=yes
ac_cv_lib_expat_XML_ExpatVersion=yes
ac_cv_lib_gc_GC_malloc=yes
ac_cv_lib_stdcpp_main=yes
ac_cv_objext=o
ac_cv_path_CPPUNIT_HDR_PATH=:
ac_cv_path_CPPUNIT_PATH=:
ac_cv_path_GC_HDR_PATH=/usr/include/gc/gc.h
ac_cv_path_GC_HDR_PATH2=/usr/include/gc/gc_config_macros.h
ac_cv_path_HOST_CC=/usr/bin/gcc
ac_cv_path_M4=/usr/bin/m4
ac_cv_prog_CPP='gcc -E'
ac_cv_prog_CXXCPP='g++ -E'
ac_cv_prog_ac_ct_CC=gcc
ac_cv_prog_ac_ct_CXX=g++
ac_cv_prog_cc_g=yes
ac_cv_prog_cc_stdc=
ac_cv_prog_cxx_g=yes
ac_cv_prog_egrep='grep -E'
ac_cv_prog_gcc_traditional=no
ac_cv_sizeof_char=1
ac_cv_sizeof_double=8
ac_cv_sizeof_float=4
ac_cv_sizeof_int=4
ac_cv_sizeof_int_p=4
ac_cv_sizeof_long=4
ac_cv_sizeof_long_long=8
ac_cv_sizeof_short=2
ac_cv_target=i686-pc-linux-gnu
ac_cv_target_alias=i686-pc-linux-gnu
ac_cv_type_char=yes
ac_cv_type_double=yes
ac_cv_type_float=yes
ac_cv_type_int=yes
ac_cv_type_int_p=yes
ac_cv_type_long=yes
ac_cv_type_long_long=yes
ac_cv_type_short=yes

## ----------------- ##
## Output variables. ##
## ----------------- ##

BISONPP=''
BISONPP=''
CC='gcc'
CFLAGS='-g -O2 -Wall'
CPP='gcc -E'
CPPFLAGS='-I$(top_srcdir)/include '
CPPUNIT_HDR_PATH=':'
CPPUNIT_PATH=':'
CXX='g++'
CXXCPP='g++ -E'
CXXFLAGS='-g -O2 -Wall'
DEFS='-DHAVE_CONFIG_H'
DL_HDR_PATH=''
DL_PATH=''
ECHO_C=''
ECHO_N='-n'
ECHO_T=''
EGREP='grep -E'
EXEEXT=''
EXPAT_HDR_PATH2=''
EXPAT_HDR_PATH=''
EXPAT_PATH=''
FLEXPP=''
FLEXPP=''
GC_HDR_PATH2='/usr/include/gc/gc_config_macros.h'
GC_HDR_PATH='/usr/include/gc/gc.h'
GC_PATH=''
HEAP='"@SMLload="'
HEAPPATH=''
HOST_CC='/usr/bin/gcc'
HOST_CYGWIN='no'
HOST_GNU_LD='yes'
HOST_OSX='no'
HOST_OSX_10_2='no'
HOST_WINDOWS='no'
LDFLAGS=''
LIBDIR='./lib'
LIBOBJS=''
LIBS='-ldl -lgc -lexpat -lstdc++ '
LTLIBOBJS=''
M4='/usr/bin/m4'
M4='/usr/bin/m4'
MAKEDEPEND=''
MAKEDEPEND=''
OBJEXT='o'
PACKAGE_BUGREPORT=''
PACKAGE_NAME=''
PACKAGE_STRING=''
PACKAGE_TARNAME=''
PACKAGE_VERSION=''
PATH_SEPARATOR=':'
PREFIX='.'
REMOTE='0'
SHELL='/bin/bash'
TKML=''
UNGENERATE=''
ac_ct_CC='gcc'
ac_ct_CXX='g++'
bindir='${exec_prefix}/bin'
build='i686-pc-linux-gnu'
build_alias=''
build_cpu='i686'
build_os='linux-gnu'
build_vendor='pc'
datadir='${prefix}/share'
exec_prefix='${prefix}'
host='i686-pc-linux-gnu'
host_alias=''
host_cpu='i686'
host_os='linux-gnu'
host_vendor='pc'
includedir='${prefix}/include'
infodir='${prefix}/info'
libdir='${exec_prefix}/lib'
libexecdir='${exec_prefix}/libexec'
localstatedir='${prefix}/var'
mandir='${prefix}/man'
oldincludedir='/usr/include'
prefix='/usr/local'
program_transform_name='s,x,x,'
sbindir='${exec_prefix}/sbin'
sharedstatedir='${prefix}/com'
sysconfdir='${prefix}/etc'
target='i686-pc-linux-gnu'
target_alias=''
target_cpu='i686'
target_os='linux-gnu'
target_vendor='pc'

## ----------- ##
## confdefs.h. ##
## ----------- ##

#define HAVE_INTTYPES_H 1
#define HAVE_LIBDL 1
#define HAVE_LIBEXPAT 1
#define HAVE_LIBGC 1
#define HAVE_LIBSTDC__ 1
#define HAVE_MEMORY_H 1
#define HAVE_STDINT_H 1
#define HAVE_STDLIB_H 1
#define HAVE_STRINGS_H 1
#define HAVE_STRING_H 1
#define HAVE_SYS_STAT_H 1
#define HAVE_SYS_TYPES_H 1
#define HAVE_UNISTD_H 1
#define HOST_GNU_LD 1
#define HOST_OSX 0
#define HOST_OSX_10_2 0
#define PACKAGE_BUGREPORT ""
#define PACKAGE_NAME ""
#define PACKAGE_STRING ""
#define PACKAGE_TARNAME ""
#define PACKAGE_VERSION ""
#define SIZEOF_CHAR 1
#define SIZEOF_DOUBLE 8
#define SIZEOF_FLOAT 4
#define SIZEOF_INT 4
#define SIZEOF_INT_P 4
#define SIZEOF_LONG 4
#define SIZEOF_LONG_LONG 8
#define SIZEOF_SHORT 2
#define STDC_HEADERS 1
#endif
#ifdef __cplusplus
extern "C" void exit (int) throw ();

configure: exit 0
